2018-10-06 22:22:07 INFO  LoggerClass:9 - ************************************************
2018-10-06 22:22:07 INFO  LoggerClass:10 -         INCOME IMPORT FILE v1.0                 
2018-10-06 22:22:07 INFO  LoggerClass:11 - @author:	Charalampos Koulaouzidis	          
2018-10-06 22:22:07 INFO  LoggerClass:12 - @email:	ch.koulaouzidis@gmail.com	          
2018-10-06 22:22:07 INFO  LoggerClass:13 - ************************************************
2018-10-06 22:22:07 ERROR LoggerClass:86 - java.lang.NullPointerException
2018-10-06 22:22:07 ERROR LoggerClass:88 - java.lang.NullPointerException
2018-10-06 22:22:07 INFO  LoggerClass:19 - ************************************************
2018-10-06 22:22:07 INFO  LoggerClass:20 -                   END							  
2018-10-06 22:22:07 INFO  LoggerClass:21 - ************************************************
2018-10-06 22:22:43 INFO  LoggerClass:9 - ************************************************
2018-10-06 22:22:43 INFO  LoggerClass:10 -         INCOME IMPORT FILE v1.0                 
2018-10-06 22:22:43 INFO  LoggerClass:11 - @author:	Charalampos Koulaouzidis	          
2018-10-06 22:22:43 INFO  LoggerClass:12 - @email:	ch.koulaouzidis@gmail.com	          
2018-10-06 22:22:43 INFO  LoggerClass:13 - ************************************************
2018-10-06 22:23:11 ERROR LoggerClass:86 - java.lang.NullPointerException
2018-10-06 22:24:09 ERROR LoggerClass:86 - 
2018-10-06 22:25:05 ERROR LoggerClass:88 - 
2018-10-06 22:25:05 INFO  LoggerClass:19 - ************************************************
2018-10-06 22:25:05 INFO  LoggerClass:20 -                   END							  
2018-10-06 22:25:05 INFO  LoggerClass:21 - ************************************************
2018-10-06 22:25:27 INFO  LoggerClass:9 - ************************************************
2018-10-06 22:25:27 INFO  LoggerClass:10 -         INCOME IMPORT FILE v1.0                 
2018-10-06 22:25:27 INFO  LoggerClass:11 - @author:	Charalampos Koulaouzidis	          
2018-10-06 22:25:27 INFO  LoggerClass:12 - @email:	ch.koulaouzidis@gmail.com	          
2018-10-06 22:25:27 INFO  LoggerClass:13 - ************************************************
2018-10-06 22:25:27 ERROR LoggerClass:86 - 
2018-10-06 22:25:27 ERROR LoggerClass:88 - 
2018-10-06 22:25:27 INFO  LoggerClass:19 - ************************************************
2018-10-06 22:25:27 INFO  LoggerClass:20 -                   END							  
2018-10-06 22:25:27 INFO  LoggerClass:21 - ************************************************
2018-10-06 22:25:43 INFO  LoggerClass:9 - ************************************************
2018-10-06 22:25:43 INFO  LoggerClass:10 -         INCOME IMPORT FILE v1.0                 
2018-10-06 22:25:43 INFO  LoggerClass:11 - @author:	Charalampos Koulaouzidis	          
2018-10-06 22:25:43 INFO  LoggerClass:12 - @email:	ch.koulaouzidis@gmail.com	          
2018-10-06 22:25:43 INFO  LoggerClass:13 - ************************************************
2018-10-06 22:25:58 ERROR LoggerClass:86 - 
2018-10-06 22:26:13 ERROR LoggerClass:88 - 
2018-10-06 22:26:14 INFO  LoggerClass:19 - ************************************************
2018-10-06 22:26:14 INFO  LoggerClass:20 -                   END							  
2018-10-06 22:26:14 INFO  LoggerClass:21 - ************************************************
2018-10-06 22:29:57 INFO  LoggerClass:9 - ************************************************
2018-10-06 22:29:57 INFO  LoggerClass:10 -         INCOME IMPORT FILE v1.0                 
2018-10-06 22:29:57 INFO  LoggerClass:11 - @author:	Charalampos Koulaouzidis	          
2018-10-06 22:29:57 INFO  LoggerClass:12 - @email:	ch.koulaouzidis@gmail.com	          
2018-10-06 22:29:57 INFO  LoggerClass:13 - ************************************************
2018-10-06 22:29:57 ERROR LoggerClass:87 - 
2018-10-06 22:29:57 ERROR LoggerClass:88 - 
2018-10-06 22:29:57 INFO  LoggerClass:19 - ************************************************
2018-10-06 22:29:57 INFO  LoggerClass:20 -                   END							  
2018-10-06 22:29:57 INFO  LoggerClass:21 - ************************************************
2018-10-06 22:30:08 INFO  LoggerClass:9 - ************************************************
2018-10-06 22:30:08 INFO  LoggerClass:10 -         INCOME IMPORT FILE v1.0                 
2018-10-06 22:30:08 INFO  LoggerClass:11 - @author:	Charalampos Koulaouzidis	          
2018-10-06 22:30:08 INFO  LoggerClass:12 - @email:	ch.koulaouzidis@gmail.com	          
2018-10-06 22:30:08 INFO  LoggerClass:13 - ************************************************
2018-10-06 22:30:14 ERROR LoggerClass:87 - 
2018-10-06 22:30:19 ERROR LoggerClass:88 - 
2018-10-06 22:30:19 INFO  LoggerClass:19 - ************************************************
2018-10-06 22:30:19 INFO  LoggerClass:20 -                   END							  
2018-10-06 22:30:19 INFO  LoggerClass:21 - ************************************************
2018-10-06 22:30:23 INFO  LoggerClass:9 - ************************************************
2018-10-06 22:30:23 INFO  LoggerClass:10 -         INCOME IMPORT FILE v1.0                 
2018-10-06 22:30:23 INFO  LoggerClass:11 - @author:	Charalampos Koulaouzidis	          
2018-10-06 22:30:23 INFO  LoggerClass:12 - @email:	ch.koulaouzidis@gmail.com	          
2018-10-06 22:30:23 INFO  LoggerClass:13 - ************************************************
2018-10-06 22:31:47 ERROR LoggerClass:87 - 
2018-10-06 22:31:56 ERROR LoggerClass:88 - 
2018-10-06 22:31:56 INFO  LoggerClass:19 - ************************************************
2018-10-06 22:31:56 INFO  LoggerClass:20 -                   END							  
2018-10-06 22:31:56 INFO  LoggerClass:21 - ************************************************
2018-10-06 22:38:12 INFO  LoggerClass:9 - ************************************************
2018-10-06 22:38:13 INFO  LoggerClass:10 -         INCOME IMPORT FILE v1.0                 
2018-10-06 22:38:13 INFO  LoggerClass:11 - @author:	Charalampos Koulaouzidis	          
2018-10-06 22:38:13 INFO  LoggerClass:12 - @email:	ch.koulaouzidis@gmail.com	          
2018-10-06 22:38:13 INFO  LoggerClass:13 - ************************************************
2018-10-06 22:38:13 INFO  LoggerClass:87 - 
2018-10-06 22:38:13 ERROR LoggerClass:88 - 
2018-10-06 22:38:13 INFO  LoggerClass:19 - ************************************************
2018-10-06 22:38:13 INFO  LoggerClass:20 -                   END							  
2018-10-06 22:38:13 INFO  LoggerClass:21 - ************************************************
2018-10-06 22:38:30 INFO  LoggerClass:9 - ************************************************
2018-10-06 22:38:30 INFO  LoggerClass:10 -         INCOME IMPORT FILE v1.0                 
2018-10-06 22:38:30 INFO  LoggerClass:11 - @author:	Charalampos Koulaouzidis	          
2018-10-06 22:38:30 INFO  LoggerClass:12 - @email:	ch.koulaouzidis@gmail.com	          
2018-10-06 22:38:30 INFO  LoggerClass:13 - ************************************************
2018-10-06 22:38:30 INFO  LoggerClass:87 - java.lang.NullPointerException
2018-10-06 22:38:30 ERROR LoggerClass:88 - 
2018-10-06 22:38:30 INFO  LoggerClass:19 - ************************************************
2018-10-06 22:38:30 INFO  LoggerClass:20 -                   END							  
2018-10-06 22:38:30 INFO  LoggerClass:21 - ************************************************
2018-10-06 22:39:06 INFO  LoggerClass:9 - ************************************************
2018-10-06 22:39:06 INFO  LoggerClass:10 -         INCOME IMPORT FILE v1.0                 
2018-10-06 22:39:06 INFO  LoggerClass:11 - @author:	Charalampos Koulaouzidis	          
2018-10-06 22:39:06 INFO  LoggerClass:12 - @email:	ch.koulaouzidis@gmail.com	          
2018-10-06 22:39:06 INFO  LoggerClass:13 - ************************************************
2018-10-06 22:39:06 INFO  AlphaBankController:87 - java.lang.NullPointerException
2018-10-06 22:39:06 ERROR LoggerClass:88 - 
2018-10-06 22:39:06 INFO  LoggerClass:19 - ************************************************
2018-10-06 22:39:06 INFO  LoggerClass:20 -                   END							  
2018-10-06 22:39:06 INFO  LoggerClass:21 - ************************************************
2018-10-06 22:39:24 INFO  LoggerClass:9 - ************************************************
2018-10-06 22:39:24 INFO  LoggerClass:10 -         INCOME IMPORT FILE v1.0                 
2018-10-06 22:39:24 INFO  LoggerClass:11 - @author:	Charalampos Koulaouzidis	          
2018-10-06 22:39:24 INFO  LoggerClass:12 - @email:	ch.koulaouzidis@gmail.com	          
2018-10-06 22:39:24 INFO  LoggerClass:13 - ************************************************
2018-10-06 22:39:24 INFO  AlphaBankController:87 - java.lang.NullPointerException
2018-10-06 22:39:24 ERROR LoggerClass:88 - 
2018-10-06 22:39:24 INFO  LoggerClass:19 - ************************************************
2018-10-06 22:39:24 INFO  LoggerClass:20 -                   END							  
2018-10-06 22:39:24 INFO  LoggerClass:21 - ************************************************
2018-10-06 22:40:38 INFO  LoggerClass:9 - ************************************************
2018-10-06 22:40:38 INFO  LoggerClass:10 -         INCOME IMPORT FILE v1.0                 
2018-10-06 22:40:38 INFO  LoggerClass:11 - @author:	Charalampos Koulaouzidis	          
2018-10-06 22:40:38 INFO  LoggerClass:12 - @email:	ch.koulaouzidis@gmail.com	          
2018-10-06 22:40:38 INFO  LoggerClass:13 - ************************************************
2018-10-06 22:40:38 INFO  AlphaBankController:87 - java.lang.NullPointerException
2018-10-06 22:40:38 ERROR EurobankController:88 - 
2018-10-06 22:40:38 INFO  LoggerClass:19 - ************************************************
2018-10-06 22:40:38 INFO  LoggerClass:20 -                   END							  
2018-10-06 22:40:38 INFO  LoggerClass:21 - ************************************************
2018-10-06 22:40:43 INFO  LoggerClass:9 - ************************************************
2018-10-06 22:40:43 INFO  LoggerClass:10 -         INCOME IMPORT FILE v1.0                 
2018-10-06 22:40:43 INFO  LoggerClass:11 - @author:	Charalampos Koulaouzidis	          
2018-10-06 22:40:43 INFO  LoggerClass:12 - @email:	ch.koulaouzidis@gmail.com	          
2018-10-06 22:40:43 INFO  LoggerClass:13 - ************************************************
2018-10-06 22:40:43 INFO  AlphaBankController:87 - java.lang.NullPointerException
2018-10-06 22:40:43 ERROR EurobankController:88 - 
2018-10-06 22:40:43 INFO  LoggerClass:19 - ************************************************
2018-10-06 22:40:43 INFO  LoggerClass:20 -                   END							  
2018-10-06 22:40:43 INFO  LoggerClass:21 - ************************************************
2018-10-06 22:41:31 INFO  LoggerClass:9 - ************************************************
2018-10-06 22:41:31 INFO  LoggerClass:10 -         INCOME IMPORT FILE v1.0                 
2018-10-06 22:41:31 INFO  LoggerClass:11 - @author:	Charalampos Koulaouzidis	          
2018-10-06 22:41:31 INFO  LoggerClass:12 - @email:	ch.koulaouzidis@gmail.com	          
2018-10-06 22:41:31 INFO  LoggerClass:13 - ************************************************
2018-10-06 22:41:31 ERROR AlphaBankController:87 - java.lang.NullPointerException
2018-10-06 22:41:31 ERROR EurobankController:88 - 
2018-10-06 22:41:31 INFO  LoggerClass:19 - ************************************************
2018-10-06 22:41:31 INFO  LoggerClass:20 -                   END							  
2018-10-06 22:41:31 INFO  LoggerClass:21 - ************************************************
2018-10-06 23:01:53 INFO  LoggerClass:9 - ************************************************
2018-10-06 23:01:53 INFO  LoggerClass:10 -         INCOME IMPORT FILE v1.0                 
2018-10-06 23:01:53 INFO  LoggerClass:11 - @author:	Charalampos Koulaouzidis	          
2018-10-06 23:01:53 INFO  LoggerClass:12 - @email:	ch.koulaouzidis@gmail.com	          
2018-10-06 23:01:53 INFO  LoggerClass:13 - ************************************************
2018-10-06 23:05:33 ERROR AlphaBankController:88 - 
2018-10-06 23:06:00 ERROR AlphaBankController:88 - java.lang.NullPointerException
2018-10-06 23:06:05 ERROR EurobankController:88 - 
2018-10-06 23:06:15 INFO  LoggerClass:19 - ************************************************
2018-10-06 23:06:15 INFO  LoggerClass:20 -                   END							  
2018-10-06 23:06:15 INFO  LoggerClass:21 - ************************************************
2018-10-06 23:09:10 INFO  LoggerClass:9 - ************************************************
2018-10-06 23:09:10 INFO  LoggerClass:10 -         INCOME IMPORT FILE v1.0                 
2018-10-06 23:09:10 INFO  LoggerClass:11 - @author:	Charalampos Koulaouzidis	          
2018-10-06 23:09:10 INFO  LoggerClass:12 - @email:	ch.koulaouzidis@gmail.com	          
2018-10-06 23:09:10 INFO  LoggerClass:13 - ************************************************
2018-10-06 23:09:10 ERROR AlphaBankController:88 - java.lang.NullPointerException
2018-10-06 23:09:10 ERROR EurobankController:88 - 
2018-10-06 23:09:10 INFO  LoggerClass:19 - ************************************************
2018-10-06 23:09:10 INFO  LoggerClass:20 -                   END							  
2018-10-06 23:09:10 INFO  LoggerClass:21 - ************************************************
2018-10-06 23:13:54 INFO  LoggerClass:9 - ************************************************
2018-10-06 23:13:54 INFO  LoggerClass:10 -         INCOME IMPORT FILE v1.0                 
2018-10-06 23:13:54 INFO  LoggerClass:11 - @author:	Charalampos Koulaouzidis	          
2018-10-06 23:13:54 INFO  LoggerClass:12 - @email:	ch.koulaouzidis@gmail.com	          
2018-10-06 23:13:54 INFO  LoggerClass:13 - ************************************************
2018-10-06 23:13:54 ERROR AlphaBankController:88 - AlphaBankControllerException::
java.lang.NullPointerException
	at controller.AlphaBankController.getAlphaBankData(AlphaBankController.java:36)
	at controller.ImportFilesMain.main(ImportFilesMain.java:26)
2018-10-06 23:13:54 ERROR EurobankController:88 - 
2018-10-06 23:13:54 INFO  LoggerClass:19 - ************************************************
2018-10-06 23:13:54 INFO  LoggerClass:20 -                   END							  
2018-10-06 23:13:54 INFO  LoggerClass:21 - ************************************************
2018-10-06 23:17:16 INFO  LoggerClass:9 - ************************************************
2018-10-06 23:17:16 INFO  LoggerClass:10 -         INCOME IMPORT FILE v1.0                 
2018-10-06 23:17:16 INFO  LoggerClass:11 - @author:	Charalampos Koulaouzidis	          
2018-10-06 23:17:16 INFO  LoggerClass:12 - @email:	ch.koulaouzidis@gmail.com	          
2018-10-06 23:17:16 INFO  LoggerClass:13 - ************************************************
2018-10-06 23:17:16 ERROR AlphaBankController:88 - AlphaBankControllerException::
java.lang.NullPointerException
	at controller.AlphaBankController.getAlphaBankData(AlphaBankController.java:36)
	at controller.ImportFilesMain.main(ImportFilesMain.java:26)
2018-10-06 23:17:16 ERROR EurobankController:88 - 
2018-10-06 23:17:16 INFO  LoggerClass:19 - ************************************************
2018-10-06 23:17:16 INFO  LoggerClass:20 -                   END							  
2018-10-06 23:17:16 INFO  LoggerClass:21 - ************************************************
2018-10-06 23:19:01 INFO  LoggerClass:9 - ************************************************
2018-10-06 23:19:01 INFO  LoggerClass:10 -         INCOME IMPORT FILE v1.0                 
2018-10-06 23:19:01 INFO  LoggerClass:11 - @author:	Charalampos Koulaouzidis	          
2018-10-06 23:19:01 INFO  LoggerClass:12 - @email:	ch.koulaouzidis@gmail.com	          
2018-10-06 23:19:01 INFO  LoggerClass:13 - ************************************************
2018-10-06 23:19:01 ERROR AlphaBankController:88 - AlphaBankControllerException::
java.lang.NullPointerException
	at controller.AlphaBankController.getAlphaBankData(AlphaBankController.java:36)
	at controller.ImportFilesMain.main(ImportFilesMain.java:26)
2018-10-06 23:19:01 ERROR EurobankController:88 - EurobankControllerException::
java.lang.NullPointerException
	at controller.EurobankController.getERBData(EurobankController.java:33)
	at controller.ImportFilesMain.main(ImportFilesMain.java:31)
2018-10-06 23:19:01 INFO  LoggerClass:19 - ************************************************
2018-10-06 23:19:01 INFO  LoggerClass:20 -                   END							  
2018-10-06 23:19:01 INFO  LoggerClass:21 - ************************************************
